<?xml version="1.0" encoding="UTF-8"?>
<!-- Generated by org.testng.reporters.JUnitXMLReporter -->
<testsuite hostname="UATMACs-Mac-mini.local" ignored="0" name="Test" tests="1" failures="1" timestamp="2021-10-19T12:32:54 AST" time="0.412" errors="0">
  <testcase name="RunTestCases" time="0.384" classname="ooredoo.automation.uat.AutomationMain">
    <failure type="java.lang.NullPointerException">
      <![CDATA[java.lang.NullPointerException
at ooredoo.automation.uat.AutomationMain.RunTestCases(AutomationMain.java:69)
at java.util.ArrayList.forEach(ArrayList.java:1259)
at ooredoo.automation.uat.RunXml.main(RunXml.java:15)
... Removed 24 stack frames]]>
    </failure>
  </testcase> <!-- RunTestCases -->
</testsuite> <!-- Test -->
