<?xml version="1.0" encoding="UTF-8"?>
<testng-results skipped="0" failed="0" ignored="0" total="2" passed="2">
  <reporter-output>
  </reporter-output>
  <suite name="Suite" duration-ms="50930" started-at="2021-03-21T11:47:39Z" finished-at="2021-03-21T11:48:30Z">
    <groups>
    </groups>
    <test name="Test" duration-ms="29432" started-at="2021-03-21T11:47:39Z" finished-at="2021-03-21T11:48:08Z">
      <class name="ooredoo.automation.uat.AutomationMain">
        <test-method status="PASS" signature="RunTestCases(java.lang.String, java.lang.String, java.lang.String, java.lang.String, java.lang.String, java.lang.String, java.lang.String, java.lang.String, java.lang.String, java.lang.String, long, java.lang.String)[pri:0, instance:ooredoo.automation.uat.AutomationMain@25bbe1b6]" name="RunTestCases" duration-ms="29385" started-at="2021-03-21T11:47:39Z" finished-at="2021-03-21T11:48:08Z">
          <params>
            <param index="0">
              <value>
                <![CDATA[S9Plus]]>
              </value>
            </param>
            <param index="1">
              <value>
                <![CDATA[9]]>
              </value>
            </param>
            <param index="2">
              <value>
                <![CDATA[Android]]>
              </value>
            </param>
            <param index="3">
              <value>
                <![CDATA[qa.ooredoo.android]]>
              </value>
            </param>
            <param index="4">
              <value>
                <![CDATA[qa.ooredoo.android.facelift.activities.MainTainanceActivity]]>
              </value>
            </param>
            <param index="5">
              <value>
                <![CDATA[2372a15413027ece]]>
              </value>
            </param>
            <param index="6">
              <value>
                <![CDATA[UiAutomator2]]>
              </value>
            </param>
            <param index="7">
              <value>
                <![CDATA[true]]>
              </value>
            </param>
            <param index="8">
              <value>
                <![CDATA[8200]]>
              </value>
            </param>
            <param index="9">
              <value>
                <![CDATA[http://127.0.0.1:4723/wd/hub]]>
              </value>
            </param>
            <param index="10">
              <value>
                <![CDATA[30]]>
              </value>
            </param>
            <param index="11">
              <value>
                <![CDATA[Android]]>
              </value>
            </param>
          </params>
          <reporter-output>
          </reporter-output>
        </test-method> <!-- RunTestCases -->
      </class> <!-- ooredoo.automation.uat.AutomationMain -->
    </test> <!-- Test -->
    <test name="Test2" duration-ms="21482" started-at="2021-03-21T11:48:08Z" finished-at="2021-03-21T11:48:30Z">
      <class name="ooredoo.automation.uat.AutomationMain">
        <test-method status="PASS" signature="RunTestCases(java.lang.String, java.lang.String, java.lang.String, java.lang.String, java.lang.String, java.lang.String, java.lang.String, java.lang.String, java.lang.String, java.lang.String, long, java.lang.String)[pri:0, instance:ooredoo.automation.uat.AutomationMain@71423665]" name="RunTestCases" duration-ms="21482" started-at="2021-03-21T11:48:08Z" finished-at="2021-03-21T11:48:30Z">
          <params>
            <param index="0">
              <value>
                <![CDATA[s10plus]]>
              </value>
            </param>
            <param index="1">
              <value>
                <![CDATA[9]]>
              </value>
            </param>
            <param index="2">
              <value>
                <![CDATA[Android]]>
              </value>
            </param>
            <param index="3">
              <value>
                <![CDATA[qa.ooredoo.android]]>
              </value>
            </param>
            <param index="4">
              <value>
                <![CDATA[qa.ooredoo.android.facelift.activities.MainTainanceActivity]]>
              </value>
            </param>
            <param index="5">
              <value>
                <![CDATA[R58M349L3AD]]>
              </value>
            </param>
            <param index="6">
              <value>
                <![CDATA[UiAutomator2]]>
              </value>
            </param>
            <param index="7">
              <value>
                <![CDATA[true]]>
              </value>
            </param>
            <param index="8">
              <value>
                <![CDATA[8201]]>
              </value>
            </param>
            <param index="9">
              <value>
                <![CDATA[http://127.0.0.1:4723/wd/hub]]>
              </value>
            </param>
            <param index="10">
              <value>
                <![CDATA[30]]>
              </value>
            </param>
            <param index="11">
              <value>
                <![CDATA[Android]]>
              </value>
            </param>
          </params>
          <reporter-output>
          </reporter-output>
        </test-method> <!-- RunTestCases -->
      </class> <!-- ooredoo.automation.uat.AutomationMain -->
    </test> <!-- Test2 -->
  </suite> <!-- Suite -->
</testng-results>
